This file contains any messages produced by compilers while
running configure, to aid debugging if configure makes a mistake.

It was created by GNU FriBidi configure 1.0.5, which was
generated by GNU Autoconf 2.69.  Invocation command line was

  $ ./configure --build=x86_64-linux-gnu --prefix=/usr --includedir=${prefix}/include --mandir=${prefix}/share/man --infodir=${prefix}/share/info --sysconfdir=/etc --localstatedir=/var --disable-silent-rules --libdir=${prefix}/lib/x86_64-linux-gnu --libexecdir=${prefix}/lib/x86_64-linux-gnu --runstatedir=/run --disable-maintainer-mode --disable-dependency-tracking --enable-malloc --enable-static CFLAGS=-Os -fomit-frame-pointer

## --------- ##
## Platform. ##
## --------- ##

hostname = server
uname -m = x86_64
uname -r = 4.18.0-2-amd64
uname -s = Linux
uname -v = #1 SMP Debian 4.18.10-2 (2018-11-02)

/usr/bin/uname -p = unknown
/bin/uname -X     = unknown

/bin/arch              = unknown
/usr/bin/arch -k       = unknown
/usr/convex/getsysinfo = unknown
/usr/bin/hostinfo      = unknown
/bin/machine           = unknown
/usr/bin/oslevel       = unknown
/bin/universe          = unknown

PATH: /opt/intel/compilers_and_libraries/linux/pkg_bin/intel64
PATH: /opt/intel/parallel_studio_xe_2019/bin
PATH: /usr/sbin
PATH: /usr/bin
PATH: /sbin
PATH: /bin
PATH: /usr/bin/X11


## ----------- ##
## Core tests. ##
## ----------- ##

configure:2499: checking for a BSD-compatible install
configure:2567: result: /usr/bin/install -c
configure:2578: checking whether build environment is sane
configure:2633: result: yes
configure:2784: checking for a thread-safe mkdir -p
configure:2823: result: /bin/mkdir -p
configure:2830: checking for gawk
configure:2846: found /usr/bin/gawk
configure:2857: result: gawk
configure:2868: checking whether make sets $(MAKE)
configure:2890: result: yes
configure:2919: checking whether make supports nested variables
configure:2936: result: yes
configure:3064: checking whether make supports nested variables
configure:3081: result: yes
configure:3097: checking whether make supports the include directive
configure:3112: make -f confmf.GNU && cat confinc.out
make[2]: Entering directory '/dev/shm/all/libfribidi/fribidi'
make[2]: Leaving directory '/dev/shm/all/libfribidi/fribidi'
this is the am__doit target
configure:3115: $? = 0
configure:3134: result: yes (GNU style)
configure:3204: checking for gcc
configure:3231: result: icc
configure:3460: checking for C compiler version
configure:3469: icc --version >&5
icc (ICC) 19.0.1.144 20181018
Copyright (C) 1985-2018 Intel Corporation.  All rights reserved.

configure:3480: $? = 0
configure:3469: icc -v >&5
icc version 19.0.1.144 (gcc version 8.2.0 compatibility)
icc: warning #10013: no objects specified for multi-file optimization
x86_64-linux-gnu-ld    /usr/lib/gcc/x86_64-linux-gnu/8/../../../x86_64-linux-gnu/Scrt1.o /usr/lib/gcc/x86_64-linux-gnu/8/../../../x86_64-linux-gnu/crti.o --eh-frame-hdr --build-id -dynamic-linker /lib64/ld-linux-x86-64.so.2 -m elf_x86_64 -o a.out -L/opt/intel/tbb/lib/intel64/gcc4.7 -L/opt/intel/compilers_and_libraries_2019.1.144/linux/compiler/lib/intel64_lin -L/usr/lib/gcc/x86_64-linux-gnu/8/ -L/usr/lib/gcc/x86_64-linux-gnu/8/../../../x86_64-linux-gnu/ -L/usr/lib/gcc/x86_64-linux-gnu/8/../../../../lib/ -L/lib/x86_64-linux-gnu/ -L/lib/../lib64 -L/lib/../lib/ -L/usr/lib/x86_64-linux-gnu/ -L/usr/lib/../lib/ -L/opt/intel/tbb/lib/intel64/gcc4.7/ -L/usr/lib/gcc/x86_64-linux-gnu/8/../../../ -L/lib64 -L/lib/ -L/usr/lib --as-needed --gc-sections --relax -Bdynamic -Bstatic -limf -lsvml -lirng -lmatmul -Bdynamic -lm -Bstatic -lipgo -ldecimal -Bdynamic -liomp5 --as-needed -lcilkrts -lstdc++ --no-as-needed -Bstatic -lirc -Bdynamic -lpthread -Bstatic -lsvml -Bdynamic -lc -Bstatic -lirc_s -Bdynamic -ldl -lc /usr/lib/gcc/x86_64-linux-gnu/8/../../../x86_64-linux-gnu/crtn.o
x86_64-linux-gnu-ld: /usr/lib/gcc/x86_64-linux-gnu/8/../../../x86_64-linux-gnu/Scrt1.o: in function `_start':
(.text+0x20): undefined reference to `main'
configure:3480: $? = 1
configure:3469: icc -V >&5
GNU ld (GNU Binutils for Debian) 2.31.1
Intel(R) C Intel(R) 64 Compiler for applications running on Intel(R) 64, Version 19.0.1.144 Build 20181018
Copyright (C) 1985-2018 Intel Corporation.  All rights reserved.

icc: warning #10013: no objects specified for multi-file optimization
x86_64-linux-gnu-ld: /usr/lib/gcc/x86_64-linux-gnu/8/../../../x86_64-linux-gnu/Scrt1.o: in function `_start':
(.text+0x20): undefined reference to `main'
configure:3480: $? = 1
configure:3469: icc -qversion >&5
icc: warning #10013: no objects specified for multi-file optimization
x86_64-linux-gnu-ld: /usr/lib/gcc/x86_64-linux-gnu/8/../../../x86_64-linux-gnu/Scrt1.o: in function `_start':
(.text+0x20): undefined reference to `main'
configure:3480: $? = 1
configure:3500: checking whether the C compiler works
configure:3522: icc -Os -fomit-frame-pointer -Wdate-time -D_FORTIFY_SOURCE=2 -Wl,-z,relro -Wl,--as-needed,--gc-sections,--relax conftest.c  >&5
configure:3526: $? = 0
configure:3574: result: yes
configure:3577: checking for C compiler default output file name
configure:3579: result: a.out
configure:3585: checking for suffix of executables
configure:3592: icc -o conftest -Os -fomit-frame-pointer -Wdate-time -D_FORTIFY_SOURCE=2 -Wl,-z,relro -Wl,--as-needed,--gc-sections,--relax conftest.c  >&5
configure:3596: $? = 0
configure:3618: result: 
configure:3640: checking whether we are cross compiling
configure:3648: icc -o conftest -Os -fomit-frame-pointer -Wdate-time -D_FORTIFY_SOURCE=2 -Wl,-z,relro -Wl,--as-needed,--gc-sections,--relax conftest.c  >&5
configure:3652: $? = 0
configure:3659: ./conftest
configure:3663: $? = 0
configure:3678: result: no
configure:3683: checking for suffix of object files
configure:3705: icc -c -Os -fomit-frame-pointer -Wdate-time -D_FORTIFY_SOURCE=2 conftest.c >&5
configure:3709: $? = 0
configure:3730: result: o
configure:3734: checking whether we are using the GNU C compiler
configure:3753: icc -c -Os -fomit-frame-pointer -Wdate-time -D_FORTIFY_SOURCE=2 conftest.c >&5
configure:3753: $? = 0
configure:3762: result: yes
configure:3771: checking whether icc accepts -g
configure:3791: icc -c -g -Wdate-time -D_FORTIFY_SOURCE=2 conftest.c >&5
configure:3791: $? = 0
configure:3832: result: yes
configure:3849: checking for icc option to accept ISO C89
configure:3912: icc  -c -Os -fomit-frame-pointer -Wdate-time -D_FORTIFY_SOURCE=2 conftest.c >&5
configure:3912: $? = 0
configure:3925: result: none needed
configure:3950: checking whether icc understands -c and -o together
configure:3972: icc -c conftest.c -o conftest2.o
configure:3975: $? = 0
configure:3972: icc -c conftest.c -o conftest2.o
configure:3975: $? = 0
configure:3987: result: yes
configure:4006: checking dependency style of icc
configure:4117: result: none
configure:4235: checking the archiver (xiar) interface
configure:4251: icc -c -Os -fomit-frame-pointer -Wdate-time -D_FORTIFY_SOURCE=2 conftest.c >&5
configure:4251: $? = 0
configure:4253: xiar cru libconftest.a conftest.o >&5
xiar: executing 'ar'
ar: `u' modifier ignored since `D' is the default (see `U')
configure:4256: $? = 0
configure:4284: result: ar
configure:4336: checking build system type
configure:4350: result: x86_64-pc-linux-gnu
configure:4370: checking host system type
configure:4383: result: x86_64-pc-linux-gnu
configure:4424: checking how to print strings
configure:4451: result: printf
configure:4472: checking for a sed that does not truncate output
configure:4536: result: /bin/sed
configure:4554: checking for grep that handles long lines and -e
configure:4612: result: /bin/grep
configure:4617: checking for egrep
configure:4679: result: /bin/grep -E
configure:4684: checking for fgrep
configure:4746: result: /bin/grep -F
configure:4781: checking for ld used by icc
configure:4848: result: xild
configure:4855: checking if the linker (xild) is GNU ld
configure:4870: result: yes
configure:4882: checking for BSD- or MS-compatible name lister (nm)
configure:4936: result: /usr/bin/nm -B
configure:5066: checking the name lister (/usr/bin/nm -B) interface
configure:5073: icc -c -Os -fomit-frame-pointer -Wdate-time -D_FORTIFY_SOURCE=2 conftest.c >&5
configure:5076: /usr/bin/nm -B "conftest.o"
configure:5079: output
                 U __must_be_linked_with_icc_or_xild
0000000000000000 D some_variable
configure:5086: result: BSD nm
configure:5089: checking whether ln -s works
configure:5093: result: yes
configure:5101: checking the maximum length of command line arguments
configure:5232: result: 1572864
configure:5280: checking how to convert x86_64-pc-linux-gnu file names to x86_64-pc-linux-gnu format
configure:5320: result: func_convert_file_noop
configure:5327: checking how to convert x86_64-pc-linux-gnu file names to toolchain format
configure:5347: result: func_convert_file_noop
configure:5354: checking for xild option to reload object files
configure:5361: result: -r
configure:5435: checking for objdump
configure:5451: found /usr/bin/objdump
configure:5462: result: objdump
configure:5494: checking how to recognize dependent libraries
configure:5694: result: pass_all
configure:5779: checking for dlltool
configure:5809: result: no
configure:5839: checking how to associate runtime and link libraries
configure:5866: result: printf %s\n
configure:5990: checking for archiver @FILE support
configure:6007: icc -c -Os -fomit-frame-pointer -Wdate-time -D_FORTIFY_SOURCE=2 conftest.c >&5
configure:6007: $? = 0
configure:6010: xiar cru libconftest.a @conftest.lst >&5
xiar: executing 'ar'
ar: `u' modifier ignored since `D' is the default (see `U')
configure:6013: $? = 0
configure:6018: xiar cru libconftest.a @conftest.lst >&5
xiar: executing 'ar'
ar: `u' modifier ignored since `D' is the default (see `U')
ar: conftest.o: No such file or directory
configure:6021: $? = 1
configure:6033: result: @
configure:6091: checking for strip
configure:6107: found /usr/bin/strip
configure:6118: result: strip
configure:6190: checking for ranlib
configure:6206: found /usr/bin/ranlib
configure:6217: result: ranlib
configure:6319: checking command to parse /usr/bin/nm -B output from icc object
configure:6472: icc -c -Os -fomit-frame-pointer -Wdate-time -D_FORTIFY_SOURCE=2 conftest.c >&5
configure:6475: $? = 0
configure:6479: /usr/bin/nm -B conftest.o | sed -n -e 's/^.*[	 ]\([ABCDGIRSTW][ABCDGIRSTW]*\)[	 ][	 ]*\([_A-Za-z][_A-Za-z0-9]*\)$/\1 \2 \2/p' | sed '/ __gnu_lto/d' > conftest.nm
configure:6545: icc -o conftest -Os -fomit-frame-pointer -Wdate-time -D_FORTIFY_SOURCE=2 -Wl,-z,relro -Wl,--as-needed,--gc-sections,--relax conftest.c conftstm.o >&5
configure:6548: $? = 0
configure:6586: result: ok
configure:6633: checking for sysroot
configure:6663: result: no
configure:6670: checking for a working dd
configure:6708: result: /bin/dd
configure:6712: checking how to truncate binary pipes
configure:6727: result: /bin/dd bs=4096 count=1
configure:6863: icc -c -Os -fomit-frame-pointer -Wdate-time -D_FORTIFY_SOURCE=2 conftest.c >&5
configure:6866: $? = 0
configure:7056: checking for mt
configure:7072: found /bin/mt
configure:7083: result: mt
configure:7106: checking if mt is a manifest tool
configure:7112: mt '-?'
configure:7120: result: no
configure:7797: checking how to run the C preprocessor
configure:7828: icc -E -Wdate-time -D_FORTIFY_SOURCE=2 conftest.c
configure:7828: $? = 0
configure:7842: icc -E -Wdate-time -D_FORTIFY_SOURCE=2 conftest.c
conftest.c(9): error #2379: cannot open source file "ac_nonexistent.h"
  #include <ac_nonexistent.h>
                             ^

configure:7842: $? = 2
configure: failed program was:
| /* confdefs.h */
| #define PACKAGE_NAME "GNU FriBidi"
| #define PACKAGE_TARNAME "fribidi"
| #define PACKAGE_VERSION "1.0.5"
| #define PACKAGE_STRING "GNU FriBidi 1.0.5"
| #define PACKAGE_BUGREPORT "https://github.com/fribidi/fribidi/issues/new"
| #define PACKAGE_URL "http://fribidi.org/"
| /* end confdefs.h.  */
| #include <ac_nonexistent.h>
configure:7867: result: icc -E
configure:7887: icc -E -Wdate-time -D_FORTIFY_SOURCE=2 conftest.c
configure:7887: $? = 0
configure:7901: icc -E -Wdate-time -D_FORTIFY_SOURCE=2 conftest.c
conftest.c(9): error #2379: cannot open source file "ac_nonexistent.h"
  #include <ac_nonexistent.h>
                             ^

configure:7901: $? = 2
configure: failed program was:
| /* confdefs.h */
| #define PACKAGE_NAME "GNU FriBidi"
| #define PACKAGE_TARNAME "fribidi"
| #define PACKAGE_VERSION "1.0.5"
| #define PACKAGE_STRING "GNU FriBidi 1.0.5"
| #define PACKAGE_BUGREPORT "https://github.com/fribidi/fribidi/issues/new"
| #define PACKAGE_URL "http://fribidi.org/"
| /* end confdefs.h.  */
| #include <ac_nonexistent.h>
configure:7930: checking for ANSI C header files
configure:7950: icc -c -Os -fomit-frame-pointer -Wdate-time -D_FORTIFY_SOURCE=2 conftest.c >&5
configure:7950: $? = 0
configure:8023: icc -o conftest -Os -fomit-frame-pointer -Wdate-time -D_FORTIFY_SOURCE=2 -Wl,-z,relro -Wl,--as-needed,--gc-sections,--relax conftest.c  >&5
configure:8023: $? = 0
configure:8023: ./conftest
configure:8023: $? = 0
configure:8034: result: yes
configure:8047: checking for sys/types.h
configure:8047: icc -c -Os -fomit-frame-pointer -Wdate-time -D_FORTIFY_SOURCE=2 conftest.c >&5
configure:8047: $? = 0
configure:8047: result: yes
configure:8047: checking for sys/stat.h
configure:8047: icc -c -Os -fomit-frame-pointer -Wdate-time -D_FORTIFY_SOURCE=2 conftest.c >&5
configure:8047: $? = 0
configure:8047: result: yes
configure:8047: checking for stdlib.h
configure:8047: icc -c -Os -fomit-frame-pointer -Wdate-time -D_FORTIFY_SOURCE=2 conftest.c >&5
configure:8047: $? = 0
configure:8047: result: yes
configure:8047: checking for string.h
configure:8047: icc -c -Os -fomit-frame-pointer -Wdate-time -D_FORTIFY_SOURCE=2 conftest.c >&5
configure:8047: $? = 0
configure:8047: result: yes
configure:8047: checking for memory.h
configure:8047: icc -c -Os -fomit-frame-pointer -Wdate-time -D_FORTIFY_SOURCE=2 conftest.c >&5
configure:8047: $? = 0
configure:8047: result: yes
configure:8047: checking for strings.h
configure:8047: icc -c -Os -fomit-frame-pointer -Wdate-time -D_FORTIFY_SOURCE=2 conftest.c >&5
configure:8047: $? = 0
configure:8047: result: yes
configure:8047: checking for inttypes.h
configure:8047: icc -c -Os -fomit-frame-pointer -Wdate-time -D_FORTIFY_SOURCE=2 conftest.c >&5
configure:8047: $? = 0
configure:8047: result: yes
configure:8047: checking for stdint.h
configure:8047: icc -c -Os -fomit-frame-pointer -Wdate-time -D_FORTIFY_SOURCE=2 conftest.c >&5
configure:8047: $? = 0
configure:8047: result: yes
configure:8047: checking for unistd.h
configure:8047: icc -c -Os -fomit-frame-pointer -Wdate-time -D_FORTIFY_SOURCE=2 conftest.c >&5
configure:8047: $? = 0
configure:8047: result: yes
configure:8061: checking for dlfcn.h
configure:8061: icc -c -Os -fomit-frame-pointer -Wdate-time -D_FORTIFY_SOURCE=2 conftest.c >&5
configure:8061: $? = 0
configure:8061: result: yes
configure:8316: checking for objdir
configure:8331: result: .libs
configure:8595: checking if icc supports -fno-rtti -fno-exceptions
configure:8613: icc -c -Os -fomit-frame-pointer -Wdate-time -D_FORTIFY_SOURCE=2 -fno-rtti -fno-exceptions conftest.c >&5
configure:8617: $? = 0
configure:8630: result: yes
configure:8988: checking for icc option to produce PIC
configure:8995: result: -fPIC -DPIC
configure:9003: checking if icc PIC flag -fPIC -DPIC works
configure:9021: icc -c -Os -fomit-frame-pointer -Wdate-time -D_FORTIFY_SOURCE=2 -fPIC -DPIC -DPIC conftest.c >&5
configure:9025: $? = 0
configure:9038: result: yes
configure:9067: checking if icc static flag -static works
configure:9095: result: no
configure:9110: checking if icc supports -c -o file.o
configure:9131: icc -c -Os -fomit-frame-pointer -Wdate-time -D_FORTIFY_SOURCE=2 -o out/conftest2.o conftest.c >&5
configure:9135: $? = 0
configure:9157: result: yes
configure:9165: checking if icc supports -c -o file.o
configure:9212: result: yes
configure:9245: checking whether the icc linker (xild -m elf_x86_64) supports shared libraries
configure:10508: result: yes
configure:10545: checking whether -lc should be explicitly linked in
configure:10553: icc -c -Os -fomit-frame-pointer -Wdate-time -D_FORTIFY_SOURCE=2 conftest.c >&5
configure:10556: $? = 0
configure:10571: icc -shared  -fPIC -DPIC conftest.o  -v -Wl,-soname -Wl,conftest -o conftest 2\>\&1 \| /bin/grep  -lc  \>/dev/null 2\>\&1
configure:10574: $? = 0
configure:10588: result: no
configure:10748: checking dynamic linker characteristics
configure:11329: icc -o conftest -Os -fomit-frame-pointer -Wdate-time -D_FORTIFY_SOURCE=2 -Wl,-z,relro -Wl,--as-needed,--gc-sections,--relax -Wl,-rpath -Wl,/foo conftest.c  >&5
configure:11329: $? = 0
configure:11578: result: GNU/Linux ld.so
configure:11700: checking how to hardcode library paths into programs
configure:11725: result: immediate
configure:12273: checking whether stripping libraries is possible
configure:12278: result: yes
configure:12313: checking if libtool supports shared libraries
configure:12315: result: yes
configure:12318: checking whether to build shared libraries
configure:12343: result: yes
configure:12346: checking whether to build static libraries
configure:12350: result: yes
configure:12463: checking for gcc
configure:12490: result: icc
configure:12719: checking for C compiler version
configure:12728: icc --version >&5
icc (ICC) 19.0.1.144 20181018
Copyright (C) 1985-2018 Intel Corporation.  All rights reserved.

configure:12739: $? = 0
configure:12728: icc -v >&5
icc version 19.0.1.144 (gcc version 8.2.0 compatibility)
icc: warning #10013: no objects specified for multi-file optimization
x86_64-linux-gnu-ld    /usr/lib/gcc/x86_64-linux-gnu/8/../../../x86_64-linux-gnu/Scrt1.o /usr/lib/gcc/x86_64-linux-gnu/8/../../../x86_64-linux-gnu/crti.o --eh-frame-hdr --build-id -dynamic-linker /lib64/ld-linux-x86-64.so.2 -m elf_x86_64 -o a.out -L/opt/intel/tbb/lib/intel64/gcc4.7 -L/opt/intel/compilers_and_libraries_2019.1.144/linux/compiler/lib/intel64_lin -L/usr/lib/gcc/x86_64-linux-gnu/8/ -L/usr/lib/gcc/x86_64-linux-gnu/8/../../../x86_64-linux-gnu/ -L/usr/lib/gcc/x86_64-linux-gnu/8/../../../../lib/ -L/lib/x86_64-linux-gnu/ -L/lib/../lib64 -L/lib/../lib/ -L/usr/lib/x86_64-linux-gnu/ -L/usr/lib/../lib/ -L/opt/intel/tbb/lib/intel64/gcc4.7/ -L/usr/lib/gcc/x86_64-linux-gnu/8/../../../ -L/lib64 -L/lib/ -L/usr/lib --as-needed --gc-sections --relax -Bdynamic -Bstatic -limf -lsvml -lirng -lmatmul -Bdynamic -lm -Bstatic -lipgo -ldecimal -Bdynamic -liomp5 --as-needed -lcilkrts -lstdc++ --no-as-needed -Bstatic -lirc -Bdynamic -lpthread -Bstatic -lsvml -Bdynamic -lc -Bstatic -lirc_s -Bdynamic -ldl -lc /usr/lib/gcc/x86_64-linux-gnu/8/../../../x86_64-linux-gnu/crtn.o
x86_64-linux-gnu-ld: /usr/lib/gcc/x86_64-linux-gnu/8/../../../x86_64-linux-gnu/Scrt1.o: in function `_start':
(.text+0x20): undefined reference to `main'
configure:12739: $? = 1
configure:12728: icc -V >&5
GNU ld (GNU Binutils for Debian) 2.31.1
Intel(R) C Intel(R) 64 Compiler for applications running on Intel(R) 64, Version 19.0.1.144 Build 20181018
Copyright (C) 1985-2018 Intel Corporation.  All rights reserved.

icc: warning #10013: no objects specified for multi-file optimization
x86_64-linux-gnu-ld: /usr/lib/gcc/x86_64-linux-gnu/8/../../../x86_64-linux-gnu/Scrt1.o: in function `_start':
(.text+0x20): undefined reference to `main'
configure:12739: $? = 1
configure:12728: icc -qversion >&5
icc: warning #10013: no objects specified for multi-file optimization
x86_64-linux-gnu-ld: /usr/lib/gcc/x86_64-linux-gnu/8/../../../x86_64-linux-gnu/Scrt1.o: in function `_start':
(.text+0x20): undefined reference to `main'
configure:12739: $? = 1
configure:12743: checking whether we are using the GNU C compiler
configure:12771: result: yes
configure:12780: checking whether icc accepts -g
configure:12841: result: yes
configure:12858: checking for icc option to accept ISO C89
configure:12934: result: none needed
configure:12959: checking whether icc understands -c and -o together
configure:12996: result: yes
configure:13015: checking dependency style of icc
configure:13126: result: none
configure:13196: checking for pkg-config
configure:13214: found /usr/bin/pkg-config
configure:13226: result: /usr/bin/pkg-config
configure:13251: checking pkg-config is at least version 0.9.0
configure:13254: result: yes
configure:13262: checking for native Win32
configure:13268: result: no
configure:13278: checking for some Win32 platform
configure:13284: result: no
configure:13297: checking for ANSI C header files
configure:13401: result: yes
configure:13412: checking for stdlib.h
configure:13412: result: yes
configure:13412: checking for string.h
configure:13412: result: yes
configure:13412: checking for strings.h
configure:13412: result: yes
configure:13412: checking wchar.h usability
configure:13412: icc -c -Os -fomit-frame-pointer -Wdate-time -D_FORTIFY_SOURCE=2 conftest.c >&5
configure:13412: $? = 0
configure:13412: result: yes
configure:13412: checking wchar.h presence
configure:13412: icc -E -Wdate-time -D_FORTIFY_SOURCE=2 conftest.c
configure:13412: $? = 0
configure:13412: result: yes
configure:13412: checking for wchar.h
configure:13412: result: yes
configure:13412: checking asm/page.h usability
configure:13412: icc -c -Os -fomit-frame-pointer -Wdate-time -D_FORTIFY_SOURCE=2 conftest.c >&5
conftest.c(59): catastrophic error: cannot open source file "asm/page.h"
  #include <asm/page.h>
                       ^

compilation aborted for conftest.c (code 4)
configure:13412: $? = 4
configure: failed program was:
| /* confdefs.h */
| #define PACKAGE_NAME "GNU FriBidi"
| #define PACKAGE_TARNAME "fribidi"
| #define PACKAGE_VERSION "1.0.5"
| #define PACKAGE_STRING "GNU FriBidi 1.0.5"
| #define PACKAGE_BUGREPORT "https://github.com/fribidi/fribidi/issues/new"
| #define PACKAGE_URL "http://fribidi.org/"
| #define STDC_HEADERS 1
| #define HAVE_SYS_TYPES_H 1
| #define HAVE_SYS_STAT_H 1
| #define HAVE_STDLIB_H 1
| #define HAVE_STRING_H 1
| #define HAVE_MEMORY_H 1
| #define HAVE_STRINGS_H 1
| #define HAVE_INTTYPES_H 1
| #define HAVE_STDINT_H 1
| #define HAVE_UNISTD_H 1
| #define HAVE_DLFCN_H 1
| #define LT_OBJDIR ".libs/"
| #define STDC_HEADERS 1
| #define HAVE_STDLIB_H 1
| #define HAVE_STRING_H 1
| #define HAVE_STRINGS_H 1
| #define HAVE_WCHAR_H 1
| /* end confdefs.h.  */
| #include <stdio.h>
| #ifdef HAVE_SYS_TYPES_H
| # include <sys/types.h>
| #endif
| #ifdef HAVE_SYS_STAT_H
| # include <sys/stat.h>
| #endif
| #ifdef STDC_HEADERS
| # include <stdlib.h>
| # include <stddef.h>
| #else
| # ifdef HAVE_STDLIB_H
| #  include <stdlib.h>
| # endif
| #endif
| #ifdef HAVE_STRING_H
| # if !defined STDC_HEADERS && defined HAVE_MEMORY_H
| #  include <memory.h>
| # endif
| # include <string.h>
| #endif
| #ifdef HAVE_STRINGS_H
| # include <strings.h>
| #endif
| #ifdef HAVE_INTTYPES_H
| # include <inttypes.h>
| #endif
| #ifdef HAVE_STDINT_H
| # include <stdint.h>
| #endif
| #ifdef HAVE_UNISTD_H
| # include <unistd.h>
| #endif
| #include <asm/page.h>
configure:13412: result: no
configure:13412: checking asm/page.h presence
configure:13412: icc -E -Wdate-time -D_FORTIFY_SOURCE=2 conftest.c
conftest.c(26): error #2379: cannot open source file "asm/page.h"
  #include <asm/page.h>
                       ^

configure:13412: $? = 2
configure: failed program was:
| /* confdefs.h */
| #define PACKAGE_NAME "GNU FriBidi"
| #define PACKAGE_TARNAME "fribidi"
| #define PACKAGE_VERSION "1.0.5"
| #define PACKAGE_STRING "GNU FriBidi 1.0.5"
| #define PACKAGE_BUGREPORT "https://github.com/fribidi/fribidi/issues/new"
| #define PACKAGE_URL "http://fribidi.org/"
| #define STDC_HEADERS 1
| #define HAVE_SYS_TYPES_H 1
| #define HAVE_SYS_STAT_H 1
| #define HAVE_STDLIB_H 1
| #define HAVE_STRING_H 1
| #define HAVE_MEMORY_H 1
| #define HAVE_STRINGS_H 1
| #define HAVE_INTTYPES_H 1
| #define HAVE_STDINT_H 1
| #define HAVE_UNISTD_H 1
| #define HAVE_DLFCN_H 1
| #define LT_OBJDIR ".libs/"
| #define STDC_HEADERS 1
| #define HAVE_STDLIB_H 1
| #define HAVE_STRING_H 1
| #define HAVE_STRINGS_H 1
| #define HAVE_WCHAR_H 1
| /* end confdefs.h.  */
| #include <asm/page.h>
configure:13412: result: no
configure:13412: checking for asm/page.h
configure:13412: result: no
configure:13412: checking sys/times.h usability
configure:13412: icc -c -Os -fomit-frame-pointer -Wdate-time -D_FORTIFY_SOURCE=2 conftest.c >&5
configure:13412: $? = 0
configure:13412: result: yes
configure:13412: checking sys/times.h presence
configure:13412: icc -E -Wdate-time -D_FORTIFY_SOURCE=2 conftest.c
configure:13412: $? = 0
configure:13412: result: yes
configure:13412: checking for sys/times.h
configure:13412: result: yes
configure:13424: checking for an ANSI C-conforming const
configure:13490: icc -c -Os -fomit-frame-pointer -Wdate-time -D_FORTIFY_SOURCE=2 conftest.c >&5
configure:13490: $? = 0
configure:13497: result: yes
configure:13505: checking for preprocessor stringizing operator
configure:13525: result: yes
configure:13537: checking size of int
configure:13542: icc -o conftest -Os -fomit-frame-pointer -Wdate-time -D_FORTIFY_SOURCE=2 -Wl,-z,relro -Wl,--as-needed,--gc-sections,--relax conftest.c  >&5
configure:13542: $? = 0
configure:13542: ./conftest
configure:13542: $? = 0
configure:13556: result: 4
configure:13572: checking size of short
configure:13577: icc -o conftest -Os -fomit-frame-pointer -Wdate-time -D_FORTIFY_SOURCE=2 -Wl,-z,relro -Wl,--as-needed,--gc-sections,--relax conftest.c  >&5
configure:13577: $? = 0
configure:13577: ./conftest
configure:13577: $? = 0
configure:13591: result: 2
configure:13605: checking size of void *
configure:13610: icc -o conftest -Os -fomit-frame-pointer -Wdate-time -D_FORTIFY_SOURCE=2 -Wl,-z,relro -Wl,--as-needed,--gc-sections,--relax conftest.c  >&5
configure:13610: $? = 0
configure:13610: ./conftest
configure:13610: $? = 0
configure:13624: result: 8
configure:13638: checking size of wchar_t
configure:13643: icc -o conftest -Os -fomit-frame-pointer -Wdate-time -D_FORTIFY_SOURCE=2 -Wl,-z,relro -Wl,--as-needed,--gc-sections,--relax conftest.c  >&5
configure:13643: $? = 0
configure:13643: ./conftest
configure:13643: $? = 0
configure:13657: result: 4
configure:13723: checking for gcc
configure:13739: found /usr/bin/gcc
configure:13750: result: gcc
configure:13979: checking for C compiler version
configure:13988: gcc --version >&5
gcc (Debian 8.2.0-9) 8.2.0
Copyright (C) 2018 Free Software Foundation, Inc.
This is free software; see the source for copying conditions.  There is NO
warranty; not even for MERCHANTABILITY or FITNESS FOR A PARTICULAR PURPOSE.

configure:13999: $? = 0
configure:13988: gcc -v >&5
Using built-in specs.
COLLECT_GCC=gcc
COLLECT_LTO_WRAPPER=/usr/lib/gcc/x86_64-linux-gnu/8/lto-wrapper
OFFLOAD_TARGET_NAMES=nvptx-none
OFFLOAD_TARGET_DEFAULT=1
Target: x86_64-linux-gnu
Configured with: ../src/configure -v --with-pkgversion='Debian 8.2.0-9' --with-bugurl=file:///usr/share/doc/gcc-8/README.Bugs --enable-languages=c,ada,c++,go,brig,d,fortran,objc,obj-c++ --prefix=/usr --with-gcc-major-version-only --program-suffix=-8 --program-prefix=x86_64-linux-gnu- --enable-shared --enable-linker-build-id --libexecdir=/usr/lib --without-included-gettext --enable-threads=posix --libdir=/usr/lib --enable-nls --with-sysroot=/ --enable-clocale=gnu --enable-libstdcxx-debug --enable-libstdcxx-time=yes --with-default-libstdcxx-abi=new --enable-gnu-unique-object --disable-vtable-verify --enable-libmpx --enable-plugin --enable-default-pie --with-system-zlib --with-target-system-zlib --enable-objc-gc=auto --enable-multiarch --disable-werror --with-arch-32=i686 --with-abi=m64 --with-multilib-list=m32,m64,mx32 --enable-multilib --with-tune=generic --enable-offload-targets=nvptx-none --without-cuda-driver --enable-checking=release --build=x86_64-linux-gnu --host=x86_64-linux-gnu --target=x86_64-linux-gnu
Thread model: posix
gcc version 8.2.0 (Debian 8.2.0-9) 
configure:13999: $? = 0
configure:13988: gcc -V >&5
gcc: error: unrecognized command line option '-V'
gcc: fatal error: no input files
compilation terminated.
configure:13999: $? = 1
configure:13988: gcc -qversion >&5
gcc: error: unrecognized command line option '-qversion'; did you mean '--version'?
gcc: fatal error: no input files
compilation terminated.
configure:13999: $? = 1
configure:14003: checking whether we are using the GNU C compiler
configure:14031: result: yes
configure:14040: checking whether gcc accepts -g
configure:14060: icc -c -Os -fomit-frame-pointer -Wdate-time -D_FORTIFY_SOURCE=2 conftest.c >&5
configure:14060: $? = 0
configure:14101: result: yes
configure:14118: checking for gcc option to accept ISO C89
configure:14194: result: none needed
configure:14219: checking whether gcc understands -c and -o together
configure:14256: result: yes
configure:14275: checking dependency style of gcc
configure:14386: result: none
configure:14406: checking how to run the C preprocessor
configure:14437: icc -E -Wdate-time -D_FORTIFY_SOURCE=2 conftest.c
configure:14437: $? = 0
configure:14451: icc -E -Wdate-time -D_FORTIFY_SOURCE=2 conftest.c
conftest.c(32): error #2379: cannot open source file "ac_nonexistent.h"
  #include <ac_nonexistent.h>
                             ^

configure:14451: $? = 2
configure: failed program was:
| /* confdefs.h */
| #define PACKAGE_NAME "GNU FriBidi"
| #define PACKAGE_TARNAME "fribidi"
| #define PACKAGE_VERSION "1.0.5"
| #define PACKAGE_STRING "GNU FriBidi 1.0.5"
| #define PACKAGE_BUGREPORT "https://github.com/fribidi/fribidi/issues/new"
| #define PACKAGE_URL "http://fribidi.org/"
| #define STDC_HEADERS 1
| #define HAVE_SYS_TYPES_H 1
| #define HAVE_SYS_STAT_H 1
| #define HAVE_STDLIB_H 1
| #define HAVE_STRING_H 1
| #define HAVE_MEMORY_H 1
| #define HAVE_STRINGS_H 1
| #define HAVE_INTTYPES_H 1
| #define HAVE_STDINT_H 1
| #define HAVE_UNISTD_H 1
| #define HAVE_DLFCN_H 1
| #define LT_OBJDIR ".libs/"
| #define STDC_HEADERS 1
| #define HAVE_STDLIB_H 1
| #define HAVE_STRING_H 1
| #define HAVE_STRINGS_H 1
| #define HAVE_WCHAR_H 1
| #define HAVE_SYS_TIMES_H 1
| #define HAVE_STRINGIZE 1
| #define SIZEOF_INT 4
| #define SIZEOF_SHORT 2
| #define SIZEOF_VOID_P 8
| #define SIZEOF_WCHAR_T 4
| /* end confdefs.h.  */
| #include <ac_nonexistent.h>
configure:14476: result: gcc -E
configure:14496: icc -E -Wdate-time -D_FORTIFY_SOURCE=2 conftest.c
configure:14496: $? = 0
configure:14510: icc -E -Wdate-time -D_FORTIFY_SOURCE=2 conftest.c
conftest.c(32): error #2379: cannot open source file "ac_nonexistent.h"
  #include <ac_nonexistent.h>
                             ^

configure:14510: $? = 2
configure: failed program was:
| /* confdefs.h */
| #define PACKAGE_NAME "GNU FriBidi"
| #define PACKAGE_TARNAME "fribidi"
| #define PACKAGE_VERSION "1.0.5"
| #define PACKAGE_STRING "GNU FriBidi 1.0.5"
| #define PACKAGE_BUGREPORT "https://github.com/fribidi/fribidi/issues/new"
| #define PACKAGE_URL "http://fribidi.org/"
| #define STDC_HEADERS 1
| #define HAVE_SYS_TYPES_H 1
| #define HAVE_SYS_STAT_H 1
| #define HAVE_STDLIB_H 1
| #define HAVE_STRING_H 1
| #define HAVE_MEMORY_H 1
| #define HAVE_STRINGS_H 1
| #define HAVE_INTTYPES_H 1
| #define HAVE_STDINT_H 1
| #define HAVE_UNISTD_H 1
| #define HAVE_DLFCN_H 1
| #define LT_OBJDIR ".libs/"
| #define STDC_HEADERS 1
| #define HAVE_STDLIB_H 1
| #define HAVE_STRING_H 1
| #define HAVE_STRINGS_H 1
| #define HAVE_WCHAR_H 1
| #define HAVE_SYS_TIMES_H 1
| #define HAVE_STRINGIZE 1
| #define SIZEOF_INT 4
| #define SIZEOF_SHORT 2
| #define SIZEOF_VOID_P 8
| #define SIZEOF_WCHAR_T 4
| /* end confdefs.h.  */
| #include <ac_nonexistent.h>
configure:14557: checking for memmove
configure:14557: icc -o conftest -Os -fomit-frame-pointer -Wall -ansi  -Wdate-time -D_FORTIFY_SOURCE=2 -Wl,-z,relro -Wl,--as-needed,--gc-sections,--relax conftest.c  >&5
configure:14557: $? = 0
configure:14557: result: yes
configure:14557: checking for memset
configure:14557: icc -o conftest -Os -fomit-frame-pointer -Wall -ansi  -Wdate-time -D_FORTIFY_SOURCE=2 -Wl,-z,relro -Wl,--as-needed,--gc-sections,--relax conftest.c  >&5
configure:14557: $? = 0
configure:14557: result: yes
configure:14557: checking for strdup
configure:14557: icc -o conftest -Os -fomit-frame-pointer -Wall -ansi  -Wdate-time -D_FORTIFY_SOURCE=2 -Wl,-z,relro -Wl,--as-needed,--gc-sections,--relax conftest.c  >&5
configure:14557: $? = 0
configure:14557: result: yes
configure:14566: checking return type of signal handlers
configure:14584: icc -c -Os -fomit-frame-pointer -Wall -ansi  -Wdate-time -D_FORTIFY_SOURCE=2 conftest.c >&5
conftest.c(41): error: operand of "*" must be a pointer
  return *(signal (0, 0)) (0) == 1;
          ^

compilation aborted for conftest.c (code 2)
configure:14584: $? = 2
configure: failed program was:
| /* confdefs.h */
| #define PACKAGE_NAME "GNU FriBidi"
| #define PACKAGE_TARNAME "fribidi"
| #define PACKAGE_VERSION "1.0.5"
| #define PACKAGE_STRING "GNU FriBidi 1.0.5"
| #define PACKAGE_BUGREPORT "https://github.com/fribidi/fribidi/issues/new"
| #define PACKAGE_URL "http://fribidi.org/"
| #define STDC_HEADERS 1
| #define HAVE_SYS_TYPES_H 1
| #define HAVE_SYS_STAT_H 1
| #define HAVE_STDLIB_H 1
| #define HAVE_STRING_H 1
| #define HAVE_MEMORY_H 1
| #define HAVE_STRINGS_H 1
| #define HAVE_INTTYPES_H 1
| #define HAVE_STDINT_H 1
| #define HAVE_UNISTD_H 1
| #define HAVE_DLFCN_H 1
| #define LT_OBJDIR ".libs/"
| #define STDC_HEADERS 1
| #define HAVE_STDLIB_H 1
| #define HAVE_STRING_H 1
| #define HAVE_STRINGS_H 1
| #define HAVE_WCHAR_H 1
| #define HAVE_SYS_TIMES_H 1
| #define HAVE_STRINGIZE 1
| #define SIZEOF_INT 4
| #define SIZEOF_SHORT 2
| #define SIZEOF_VOID_P 8
| #define SIZEOF_WCHAR_T 4
| #define HAVE_MEMMOVE 1
| #define HAVE_MEMSET 1
| #define HAVE_STRDUP 1
| /* end confdefs.h.  */
| #include <sys/types.h>
| #include <signal.h>
| 
| int
| main ()
| {
| return *(signal (0, 0)) (0) == 1;
|   ;
|   return 0;
| }
configure:14591: result: void
configure:14741: checking that generated files are newer than configure
configure:14747: result: done
configure:14786: creating ./config.status

## ---------------------- ##
## Running config.status. ##
## ---------------------- ##

This file was extended by GNU FriBidi config.status 1.0.5, which was
generated by GNU Autoconf 2.69.  Invocation command line was

  CONFIG_FILES    = 
  CONFIG_HEADERS  = 
  CONFIG_LINKS    = 
  CONFIG_COMMANDS = 
  $ ./config.status 

on server

config.status:1133: creating fribidi.pc
config.status:1133: creating lib/fribidi-config.h
config.status:1133: creating Makefile
config.status:1133: creating gen.tab/Makefile
config.status:1133: creating lib/Makefile
config.status:1133: creating bin/Makefile
config.status:1133: creating doc/Makefile
config.status:1133: creating test/Makefile
config.status:1133: creating test/unicode-conformance/Makefile
config.status:1133: creating config.h
config.status:1362: executing depfiles commands
config.status:1362: executing libtool commands
configure:16935: WARNING: unrecognized options: --disable-maintainer-mode, --enable-malloc

## ---------------- ##
## Cache variables. ##
## ---------------- ##

ac_cv_build=x86_64-pc-linux-gnu
ac_cv_build_prog_CPP='gcc -E'
ac_cv_build_prog_cc_g=yes
ac_cv_c_compiler_gnu=yes
ac_cv_c_const=yes
ac_cv_c_stringize=yes
ac_cv_env_CC_set=set
ac_cv_env_CC_value=icc
ac_cv_env_CFLAGS_set=set
ac_cv_env_CFLAGS_value='-Os -fomit-frame-pointer'
ac_cv_env_CPPFLAGS_set=set
ac_cv_env_CPPFLAGS_value='-Wdate-time -D_FORTIFY_SOURCE=2'
ac_cv_env_CPP_set=
ac_cv_env_CPP_value=
ac_cv_env_LDFLAGS_set=set
ac_cv_env_LDFLAGS_value='-Wl,-z,relro -Wl,--as-needed,--gc-sections,--relax'
ac_cv_env_LIBS_set=
ac_cv_env_LIBS_value=
ac_cv_env_LT_SYS_LIBRARY_PATH_set=
ac_cv_env_LT_SYS_LIBRARY_PATH_value=
ac_cv_env_PKG_CONFIG_LIBDIR_set=
ac_cv_env_PKG_CONFIG_LIBDIR_value=
ac_cv_env_PKG_CONFIG_PATH_set=
ac_cv_env_PKG_CONFIG_PATH_value=
ac_cv_env_PKG_CONFIG_set=
ac_cv_env_PKG_CONFIG_value=
ac_cv_env_build_alias_set=set
ac_cv_env_build_alias_value=x86_64-linux-gnu
ac_cv_env_host_alias_set=
ac_cv_env_host_alias_value=
ac_cv_env_target_alias_set=
ac_cv_env_target_alias_value=
ac_cv_func_memmove=yes
ac_cv_func_memset=yes
ac_cv_func_strdup=yes
ac_cv_header_asm_page_h=no
ac_cv_header_dlfcn_h=yes
ac_cv_header_inttypes_h=yes
ac_cv_header_memory_h=yes
ac_cv_header_stdc=yes
ac_cv_header_stdint_h=yes
ac_cv_header_stdlib_h=yes
ac_cv_header_string_h=yes
ac_cv_header_strings_h=yes
ac_cv_header_sys_stat_h=yes
ac_cv_header_sys_times_h=yes
ac_cv_header_sys_types_h=yes
ac_cv_header_unistd_h=yes
ac_cv_header_wchar_h=yes
ac_cv_host=x86_64-pc-linux-gnu
ac_cv_objext=o
ac_cv_path_EGREP='/bin/grep -E'
ac_cv_path_FGREP='/bin/grep -F'
ac_cv_path_GREP=/bin/grep
ac_cv_path_SED=/bin/sed
ac_cv_path_ac_pt_PKG_CONFIG=/usr/bin/pkg-config
ac_cv_path_install='/usr/bin/install -c'
ac_cv_path_lt_DD=/bin/dd
ac_cv_path_mkdir=/bin/mkdir
ac_cv_prog_AWK=gawk
ac_cv_prog_CPP='icc -E'
ac_cv_prog_ac_ct_CC=icc
ac_cv_prog_ac_ct_CC_FOR_BUILD=gcc
ac_cv_prog_ac_ct_MANIFEST_TOOL=mt
ac_cv_prog_ac_ct_OBJDUMP=objdump
ac_cv_prog_ac_ct_RANLIB=ranlib
ac_cv_prog_ac_ct_STRIP=strip
ac_cv_prog_cc_c89=
ac_cv_prog_cc_g=yes
ac_cv_prog_make_make_set=yes
ac_cv_sizeof_int=4
ac_cv_sizeof_short=2
ac_cv_sizeof_void_p=8
ac_cv_sizeof_wchar_t=4
ac_cv_type_signal=void
am_cv_CC_dependencies_compiler_type=none
am_cv_ar_interface=ar
am_cv_make_support_nested_variables=yes
am_cv_prog_cc_c_o=yes
lt_cv_ar_at_file=@
lt_cv_archive_cmds_need_lc=no
lt_cv_deplibs_check_method=pass_all
lt_cv_file_magic_cmd='$MAGIC_CMD'
lt_cv_file_magic_test_file=
lt_cv_ld_reload_flag=-r
lt_cv_nm_interface='BSD nm'
lt_cv_objdir=.libs
lt_cv_path_LD=xild
lt_cv_path_NM='/usr/bin/nm -B'
lt_cv_path_mainfest_tool=no
lt_cv_prog_compiler_c_o=yes
lt_cv_prog_compiler_pic='-fPIC -DPIC'
lt_cv_prog_compiler_pic_works=yes
lt_cv_prog_compiler_rtti_exceptions=yes
lt_cv_prog_compiler_static_works=no
lt_cv_prog_gnu_ld=yes
lt_cv_sharedlib_from_linklib_cmd='printf %s\n'
lt_cv_shlibpath_overrides_runpath=yes
lt_cv_sys_global_symbol_pipe='sed -n -e '\''s/^.*[	 ]\([ABCDGIRSTW][ABCDGIRSTW]*\)[	 ][	 ]*\([_A-Za-z][_A-Za-z0-9]*\)$/\1 \2 \2/p'\'' | sed '\''/ __gnu_lto/d'\'''
lt_cv_sys_global_symbol_to_c_name_address='sed -n -e '\''s/^: \(.*\) .*$/  {"\1", (void *) 0},/p'\'' -e '\''s/^[ABCDGIRSTW][ABCDGIRSTW]* .* \(.*\)$/  {"\1", (void *) \&\1},/p'\'''
lt_cv_sys_global_symbol_to_c_name_address_lib_prefix='sed -n -e '\''s/^: \(.*\) .*$/  {"\1", (void *) 0},/p'\'' -e '\''s/^[ABCDGIRSTW][ABCDGIRSTW]* .* \(lib.*\)$/  {"\1", (void *) \&\1},/p'\'' -e '\''s/^[ABCDGIRSTW][ABCDGIRSTW]* .* \(.*\)$/  {"lib\1", (void *) \&\1},/p'\'''
lt_cv_sys_global_symbol_to_cdecl='sed -n -e '\''s/^T .* \(.*\)$/extern int \1();/p'\'' -e '\''s/^[ABCDGIRSTW][ABCDGIRSTW]* .* \(.*\)$/extern char \1;/p'\'''
lt_cv_sys_global_symbol_to_import=
lt_cv_sys_max_cmd_len=1572864
lt_cv_to_host_file_cmd=func_convert_file_noop
lt_cv_to_tool_file_cmd=func_convert_file_noop
lt_cv_truncate_bin='/bin/dd bs=4096 count=1'

## ----------------- ##
## Output variables. ##
## ----------------- ##

ACLOCAL='${SHELL} /dev/shm/all/libfribidi/fribidi/missing aclocal-1.16'
AMDEPBACKSLASH=''
AMDEP_FALSE=''
AMDEP_TRUE='#'
AMTAR='$${TAR-tar}'
AM_BACKSLASH='\'
AM_DEFAULT_V='$(AM_DEFAULT_VERBOSITY)'
AM_DEFAULT_VERBOSITY='1'
AM_V='$(V)'
AR='xiar'
AUTOCONF='${SHELL} /dev/shm/all/libfribidi/fribidi/missing autoconf'
AUTOHEADER='${SHELL} /dev/shm/all/libfribidi/fribidi/missing autoheader'
AUTOMAKE='${SHELL} /dev/shm/all/libfribidi/fribidi/missing automake-1.16'
AWK='gawk'
BUILD_EXEEXT=''
BUILD_OBJEXT=''
CC='icc'
CCDEPMODE='depmode=none'
CC_FOR_BUILD='gcc'
CFLAGS='-Os -fomit-frame-pointer -Wall -ansi '
CFLAGS_FOR_BUILD='-g -O2'
CPP='icc -E'
CPPFLAGS='-Wdate-time -D_FORTIFY_SOURCE=2'
CPPFLAGS_FOR_BUILD=''
CPP_FOR_BUILD='gcc -E'
CYGPATH_W='echo'
DEFS='-DHAVE_CONFIG_H'
DEPDIR='.deps'
DLLTOOL='false'
DSYMUTIL=''
DUMPBIN=''
ECHO_C=''
ECHO_N='-n'
ECHO_T=''
EGREP='/bin/grep -E'
EXEEXT=''
FGREP='/bin/grep -F'
FRIBIDI_BINARY_AGE='4'
FRIBIDI_INTERFACE_AGE='0'
FRIBIDI_INTERFACE_VERSION='4'
FRIBIDI_MAJOR_VERSION='1'
FRIBIDI_MICRO_VERSION='5'
FRIBIDI_MINOR_VERSION='0'
FRIBIDI_MSVC_BUILD_PLACEHOLDER='#undef FRIBIDI_BUILT_WITH_MSVC'
FRIBIDI_VERSION='1.0.5'
GREP='/bin/grep'
INSTALL_DATA='${INSTALL} -m 644'
INSTALL_PROGRAM='${INSTALL}'
INSTALL_SCRIPT='${INSTALL}'
INSTALL_STRIP_PROGRAM='$(install_sh) -c -s'
LD='xild -m elf_x86_64'
LDFLAGS='-Wl,-z,relro -Wl,--as-needed,--gc-sections,--relax'
LDFLAGS_FOR_BUILD=''
LIBOBJS=''
LIBS=''
LIBTOOL='$(SHELL) $(top_builddir)/libtool'
LIPO=''
LN_S='ln -s'
LTLIBOBJS=''
LT_CURRENT_MINUS_AGE='0'
LT_SYS_LIBRARY_PATH=''
LT_VERSION_INFO='4:0:4'
MAKEINFO='${SHELL} /dev/shm/all/libfribidi/fribidi/missing makeinfo'
MANIFEST_TOOL=':'
MKDIR_P='/bin/mkdir -p'
NM='/usr/bin/nm -B'
NMEDIT=''
OBJDUMP='objdump'
OBJEXT='o'
OS_WIN32_FALSE=''
OS_WIN32_TRUE='#'
OTOOL64=''
OTOOL=''
PACKAGE='fribidi'
PACKAGE_BUGREPORT='https://github.com/fribidi/fribidi/issues/new'
PACKAGE_NAME='GNU FriBidi'
PACKAGE_STRING='GNU FriBidi 1.0.5'
PACKAGE_TARNAME='fribidi'
PACKAGE_URL='http://fribidi.org/'
PACKAGE_VERSION='1.0.5'
PATH_SEPARATOR=':'
PKG_CONFIG='/usr/bin/pkg-config'
PKG_CONFIG_LIBDIR=''
PKG_CONFIG_PATH=''
PLATFORM_WIN32_FALSE=''
PLATFORM_WIN32_TRUE='#'
RANLIB='ranlib'
SED='/bin/sed'
SET_MAKE=''
SHELL='/bin/bash'
SIZEOF_INT='4'
STRIP='strip'
VERSION='1.0.5'
ac_ct_AR=''
ac_ct_CC='icc'
ac_ct_CC_FOR_BUILD='gcc'
ac_ct_DUMPBIN=''
am__EXEEXT_FALSE=''
am__EXEEXT_TRUE='#'
am__fastdepCC_FALSE=''
am__fastdepCC_TRUE='#'
am__include='include'
am__isrc=''
am__leading_dot='.'
am__nodep=''
am__quote=''
am__tar='$${TAR-tar} chof - "$$tardir"'
am__untar='$${TAR-tar} xf -'
bindir='${exec_prefix}/bin'
build='x86_64-pc-linux-gnu'
build_alias='x86_64-linux-gnu'
build_cpu='x86_64'
build_os='linux-gnu'
build_vendor='pc'
datadir='${datarootdir}'
datarootdir='${prefix}/share'
docdir='${datarootdir}/doc/${PACKAGE_TARNAME}'
dvidir='${docdir}'
exec_prefix='${prefix}'
host='x86_64-pc-linux-gnu'
host_alias=''
host_cpu='x86_64'
host_os='linux-gnu'
host_vendor='pc'
htmldir='${docdir}'
includedir='${prefix}/include'
infodir='${prefix}/share/info'
install_sh='${SHELL} /dev/shm/all/libfribidi/fribidi/install-sh'
libdir='${prefix}/lib/x86_64-linux-gnu'
libexecdir='${prefix}/lib/x86_64-linux-gnu'
localedir='${datarootdir}/locale'
localstatedir='/var'
mandir='${prefix}/share/man'
mkdir_p='$(MKDIR_P)'
oldincludedir='/usr/include'
pdfdir='${docdir}'
prefix='/usr'
program_transform_name='s,x,x,'
psdir='${docdir}'
runstatedir='/run'
sbindir='${exec_prefix}/sbin'
sharedstatedir='${prefix}/com'
sysconfdir='/etc'
target_alias=''

## ----------- ##
## confdefs.h. ##
## ----------- ##

/* confdefs.h */
#define PACKAGE_NAME "GNU FriBidi"
#define PACKAGE_TARNAME "fribidi"
#define PACKAGE_VERSION "1.0.5"
#define PACKAGE_STRING "GNU FriBidi 1.0.5"
#define PACKAGE_BUGREPORT "https://github.com/fribidi/fribidi/issues/new"
#define PACKAGE_URL "http://fribidi.org/"
#define STDC_HEADERS 1
#define HAVE_SYS_TYPES_H 1
#define HAVE_SYS_STAT_H 1
#define HAVE_STDLIB_H 1
#define HAVE_STRING_H 1
#define HAVE_MEMORY_H 1
#define HAVE_STRINGS_H 1
#define HAVE_INTTYPES_H 1
#define HAVE_STDINT_H 1
#define HAVE_UNISTD_H 1
#define HAVE_DLFCN_H 1
#define LT_OBJDIR ".libs/"
#define STDC_HEADERS 1
#define HAVE_STDLIB_H 1
#define HAVE_STRING_H 1
#define HAVE_STRINGS_H 1
#define HAVE_WCHAR_H 1
#define HAVE_SYS_TIMES_H 1
#define HAVE_STRINGIZE 1
#define SIZEOF_INT 4
#define SIZEOF_SHORT 2
#define SIZEOF_VOID_P 8
#define SIZEOF_WCHAR_T 4
#define HAVE_MEMMOVE 1
#define HAVE_MEMSET 1
#define HAVE_STRDUP 1
#define RETSIGTYPE void

configure: exit 0
